# JRE version: Java(TM) SE Runtime Environment (19.0.2+7) (build 19.0.2+7-44)
# Java VM: Java HotSpot(TM) 64-Bit Server VM (19.0.2+7-44, mixed mode, sharing, tiered, compressed oops, compressed class ptrs, g1 gc, windows-amd64)
GC Precious Log:
 CardTable entry size: 512
 Card Set container configuration: InlinePtr #cards 5 size 8 Array Of Cards #cards 12 size 40 Howl #buckets 4 coarsen threshold 1843 Howl Bitmap #cards 512 size 80 coarsen threshold 460 Card regions per heap region 1 cards per card region 2048
 CPUs: 12 total, 12 available
 Memory: 8017M
 Large Page Support: Disabled
 NUMA Support: Disabled
 Compressed Oops: Enabled (32-bit)
 Heap Region Size: 1M
 Heap Min Capacity: 8M
 Heap Initial Capacity: 126M
 Heap Max Capacity: 2006M
 Pre-touch: Disabled
 Parallel Workers: 10
 Concurrent Workers: 3
 Concurrent Refinement Workers: 10
 Periodic GC: Disabled
Heap:
 garbage-first heap   total 164864K, used 109374K [0x0000000082a00000, 0x0000000100000000)
  region size 1024K, 2 young (2048K), 1 survivors (1024K)
 Metaspace       used 6112K, committed 6336K, reserved 1114112K
  class space    used 655K, committed 768K, reserved 1048576K
GC Heap History (6 events):
Event: 440.273 GC heap before
{Heap before GC invocations=0 (full 0):
 garbage-first heap   total 129024K, used 56320K [0x0000000082a00000, 0x0000000100000000)
  region size 1024K, 15 young (15360K), 0 survivors (0K)
 Metaspace       used 6106K, committed 6336K, reserved 1114112K
  class space    used 655K, committed 768K, reserved 1048576K
}
Event: 440.764 GC heap after
{Heap after GC invocations=1 (full 0):
 garbage-first heap   total 129024K, used 43798K [0x0000000082a00000, 0x0000000100000000)
  region size 1024K, 2 young (2048K), 2 survivors (2048K)
 Metaspace       used 6106K, committed 6336K, reserved 1114112K
  class space    used 655K, committed 768K, reserved 1048576K
}
Event: 446.137 GC heap before
{Heap before GC invocations=1 (full 0):
 garbage-first heap   total 129024K, used 77590K [0x0000000082a00000, 0x0000000100000000)
  region size 1024K, 4 young (4096K), 2 survivors (2048K)
 Metaspace       used 6112K, committed 6336K, reserved 1114112K
  class space    used 655K, committed 768K, reserved 1048576K
}
Event: 446.242 GC heap after
{Heap after GC invocations=2 (full 0):
 garbage-first heap   total 129024K, used 76772K [0x0000000082a00000, 0x0000000100000000)
  region size 1024K, 1 young (1024K), 1 survivors (1024K)
 Metaspace       used 6112K, committed 6336K, reserved 1114112K
  class space    used 655K, committed 768K, reserved 1048576K
}
Event: 511.341 GC heap before
{Heap before GC invocations=3 (full 0):
 garbage-first heap   total 132096K, used 76772K [0x0000000082a00000, 0x0000000100000000)
  region size 1024K, 2 young (2048K), 1 survivors (1024K)
 Metaspace       used 6112K, committed 6336K, reserved 1114112K
  class space    used 655K, committed 768K, reserved 1048576K
}
Event: 511.726 GC heap after
{Heap after GC invocations=4 (full 0):
 garbage-first heap   total 132096K, used 76606K [0x0000000082a00000, 0x0000000100000000)
  region size 1024K, 1 young (1024K), 1 survivors (1024K)
 Metaspace       used 6112K, committed 6336K, reserved 1114112K
  class space    used 655K, committed 768K, reserved 1048576K
}

