# JRE version: Java(TM) SE Runtime Environment (19.0.2+7) (build 19.0.2+7-44)
# Java VM: Java HotSpot(TM) 64-Bit Server VM (19.0.2+7-44, mixed mode, sharing, tiered, compressed oops, compressed class ptrs, g1 gc, windows-amd64)
GC Precious Log:
 CardTable entry size: 512
 Card Set container configuration: InlinePtr #cards 5 size 8 Array Of Cards #cards 12 size 40 Howl #buckets 4 coarsen threshold 1843 Howl Bitmap #cards 512 size 80 coarsen threshold 460 Card regions per heap region 1 cards per card region 2048
 CPUs: 12 total, 12 available
 Memory: 8017M
 Large Page Support: Disabled
 NUMA Support: Disabled
 Compressed Oops: Enabled (32-bit)
 Heap Region Size: 1M
 Heap Min Capacity: 8M
 Heap Initial Capacity: 126M
 Heap Max Capacity: 2006M
 Pre-touch: Disabled
 Parallel Workers: 10
 Concurrent Workers: 3
 Concurrent Refinement Workers: 10
 Periodic GC: Disabled
Heap:
 garbage-first heap   total 129024K, used 106630K [0x0000000082a00000, 0x0000000100000000)
  region size 1024K, 2 young (2048K), 1 survivors (1024K)
 Metaspace       used 7413K, committed 7744K, reserved 1114112K
  class space    used 769K, committed 896K, reserved 1048576K
GC Heap History (6 events):
Event: 0.736 GC heap before
{Heap before GC invocations=0 (full 0):
 garbage-first heap   total 129024K, used 31744K [0x0000000082a00000, 0x0000000100000000)
  region size 1024K, 23 young (23552K), 0 survivors (0K)
 Metaspace       used 6215K, committed 6464K, reserved 1114112K
  class space    used 647K, committed 768K, reserved 1048576K
}
Event: 0.742 GC heap after
{Heap after GC invocations=1 (full 0):
 garbage-first heap   total 129024K, used 13712K [0x0000000082a00000, 0x0000000100000000)
  region size 1024K, 3 young (3072K), 3 survivors (3072K)
 Metaspace       used 6215K, committed 6464K, reserved 1114112K
  class space    used 647K, committed 768K, reserved 1048576K
}
Event: 20616.752 GC heap before
{Heap before GC invocations=1 (full 0):
 garbage-first heap   total 129024K, used 61840K [0x0000000082a00000, 0x0000000100000000)
  region size 1024K, 18 young (18432K), 3 survivors (3072K)
 Metaspace       used 7458K, committed 7744K, reserved 1114112K
  class space    used 782K, committed 896K, reserved 1048576K
}
Event: 20617.134 GC heap after
{Heap after GC invocations=2 (full 0):
 garbage-first heap   total 129024K, used 48518K [0x0000000082a00000, 0x0000000100000000)
  region size 1024K, 1 young (1024K), 1 survivors (1024K)
 Metaspace       used 7458K, committed 7744K, reserved 1114112K
  class space    used 782K, committed 896K, reserved 1048576K
}
Event: 20618.812 GC heap before
{Heap before GC invocations=2 (full 0):
 garbage-first heap   total 129024K, used 82310K [0x0000000082a00000, 0x0000000100000000)
  region size 1024K, 3 young (3072K), 1 survivors (1024K)
 Metaspace       used 7459K, committed 7744K, reserved 1114112K
  class space    used 782K, committed 896K, reserved 1048576K
}
Event: 20618.907 GC heap after
{Heap after GC invocations=3 (full 0):
 garbage-first heap   total 129024K, used 81030K [0x0000000082a00000, 0x0000000100000000)
  region size 1024K, 1 young (1024K), 1 survivors (1024K)
 Metaspace       used 7459K, committed 7744K, reserved 1114112K
  class space    used 782K, committed 896K, reserved 1048576K
}

