# JRE version: Java(TM) SE Runtime Environment (19.0.2+7) (build 19.0.2+7-44)
# Java VM: Java HotSpot(TM) 64-Bit Server VM (19.0.2+7-44, mixed mode, sharing, tiered, compressed oops, compressed class ptrs, g1 gc, windows-amd64)
GC Precious Log:
 CardTable entry size: 512
 Card Set container configuration: InlinePtr #cards 5 size 8 Array Of Cards #cards 12 size 40 Howl #buckets 4 coarsen threshold 1843 Howl Bitmap #cards 512 size 80 coarsen threshold 460 Card regions per heap region 1 cards per card region 2048
 CPUs: 12 total, 12 available
 Memory: 8017M
 Large Page Support: Disabled
 NUMA Support: Disabled
 Compressed Oops: Enabled (32-bit)
 Heap Region Size: 1M
 Heap Min Capacity: 8M
 Heap Initial Capacity: 126M
 Heap Max Capacity: 2006M
 Pre-touch: Disabled
 Parallel Workers: 10
 Concurrent Workers: 3
 Concurrent Refinement Workers: 10
 Periodic GC: Disabled
Heap:
 garbage-first heap   total 167936K, used 111546K [0x0000000082a00000, 0x0000000100000000)
  region size 1024K, 2 young (2048K), 1 survivors (1024K)
 Metaspace       used 7043K, committed 7296K, reserved 1114112K
  class space    used 764K, committed 896K, reserved 1048576K
GC Heap History (6 events):
Event: 16604.766 GC heap before
{Heap before GC invocations=0 (full 0):
 garbage-first heap   total 129024K, used 59392K [0x0000000082a00000, 0x0000000100000000)
  region size 1024K, 16 young (16384K), 0 survivors (0K)
 Metaspace       used 7090K, committed 7296K, reserved 1114112K
  class space    used 778K, committed 896K, reserved 1048576K
}
Event: 16604.974 GC heap after
{Heap after GC invocations=1 (full 0):
 garbage-first heap   total 129024K, used 45961K [0x0000000082a00000, 0x0000000100000000)
  region size 1024K, 2 young (2048K), 2 survivors (2048K)
 Metaspace       used 7090K, committed 7296K, reserved 1114112K
  class space    used 778K, committed 896K, reserved 1048576K
}
Event: 16609.092 GC heap before
{Heap before GC invocations=1 (full 0):
 garbage-first heap   total 129024K, used 79753K [0x0000000082a00000, 0x0000000100000000)
  region size 1024K, 4 young (4096K), 2 survivors (2048K)
 Metaspace       used 7097K, committed 7296K, reserved 1114112K
  class space    used 778K, committed 896K, reserved 1048576K
}
Event: 16609.215 GC heap after
{Heap after GC invocations=2 (full 0):
 garbage-first heap   total 129024K, used 78937K [0x0000000082a00000, 0x0000000100000000)
  region size 1024K, 1 young (1024K), 1 survivors (1024K)
 Metaspace       used 7097K, committed 7296K, reserved 1114112K
  class space    used 778K, committed 896K, reserved 1048576K
}
Event: 16672.853 GC heap before
{Heap before GC invocations=3 (full 0):
 garbage-first heap   total 135168K, used 78937K [0x0000000082a00000, 0x0000000100000000)
  region size 1024K, 2 young (2048K), 1 survivors (1024K)
 Metaspace       used 7097K, committed 7296K, reserved 1114112K
  class space    used 778K, committed 896K, reserved 1048576K
}
Event: 16673.119 GC heap after
{Heap after GC invocations=4 (full 0):
 garbage-first heap   total 135168K, used 78778K [0x0000000082a00000, 0x0000000100000000)
  region size 1024K, 1 young (1024K), 1 survivors (1024K)
 Metaspace       used 7097K, committed 7296K, reserved 1114112K
  class space    used 778K, committed 896K, reserved 1048576K
}

