# JRE version: Java(TM) SE Runtime Environment (19.0.2+7) (build 19.0.2+7-44)
# Java VM: Java HotSpot(TM) 64-Bit Server VM (19.0.2+7-44, mixed mode, sharing, tiered, compressed oops, compressed class ptrs, g1 gc, windows-amd64)
GC Precious Log:
 CardTable entry size: 512
 Card Set container configuration: InlinePtr #cards 5 size 8 Array Of Cards #cards 12 size 40 Howl #buckets 4 coarsen threshold 1843 Howl Bitmap #cards 512 size 80 coarsen threshold 460 Card regions per heap region 1 cards per card region 2048
 CPUs: 12 total, 12 available
 Memory: 8017M
 Large Page Support: Disabled
 NUMA Support: Disabled
 Compressed Oops: Enabled (32-bit)
 Heap Region Size: 1M
 Heap Min Capacity: 8M
 Heap Initial Capacity: 126M
 Heap Max Capacity: 2006M
 Pre-touch: Disabled
 Parallel Workers: 10
 Concurrent Workers: 3
 Concurrent Refinement Workers: 10
 Periodic GC: Disabled
Heap:
 garbage-first heap   total 169984K, used 112473K [0x0000000082a00000, 0x0000000100000000)
  region size 1024K, 2 young (2048K), 1 survivors (1024K)
 Metaspace       used 6572K, committed 6912K, reserved 1114112K
  class space    used 675K, committed 832K, reserved 1048576K
GC Heap History (6 events):
Event: 70235.704 GC heap before
{Heap before GC invocations=0 (full 0):
 garbage-first heap   total 129024K, used 61440K [0x0000000082a00000, 0x0000000100000000)
  region size 1024K, 17 young (17408K), 0 survivors (0K)
 Metaspace       used 6622K, committed 6912K, reserved 1114112K
  class space    used 690K, committed 832K, reserved 1048576K
}
Event: 70236.734 GC heap after
{Heap after GC invocations=1 (full 0):
 garbage-first heap   total 129024K, used 46862K [0x0000000082a00000, 0x0000000100000000)
  region size 1024K, 2 young (2048K), 2 survivors (2048K)
 Metaspace       used 6622K, committed 6912K, reserved 1114112K
  class space    used 690K, committed 832K, reserved 1048576K
}
Event: 70241.166 GC heap before
{Heap before GC invocations=1 (full 0):
 garbage-first heap   total 129024K, used 80654K [0x0000000082a00000, 0x0000000100000000)
  region size 1024K, 4 young (4096K), 2 survivors (2048K)
 Metaspace       used 6626K, committed 6912K, reserved 1114112K
  class space    used 690K, committed 832K, reserved 1048576K
}
Event: 70241.267 GC heap after
{Heap after GC invocations=2 (full 0):
 garbage-first heap   total 129024K, used 79962K [0x0000000082a00000, 0x0000000100000000)
  region size 1024K, 1 young (1024K), 1 survivors (1024K)
 Metaspace       used 6626K, committed 6912K, reserved 1114112K
  class space    used 690K, committed 832K, reserved 1048576K
}
Event: 70305.735 GC heap before
{Heap before GC invocations=3 (full 0):
 garbage-first heap   total 137216K, used 79962K [0x0000000082a00000, 0x0000000100000000)
  region size 1024K, 2 young (2048K), 1 survivors (1024K)
 Metaspace       used 6626K, committed 6912K, reserved 1114112K
  class space    used 690K, committed 832K, reserved 1048576K
}
Event: 70306.193 GC heap after
{Heap after GC invocations=4 (full 0):
 garbage-first heap   total 137216K, used 79705K [0x0000000082a00000, 0x0000000100000000)
  region size 1024K, 1 young (1024K), 1 survivors (1024K)
 Metaspace       used 6626K, committed 6912K, reserved 1114112K
  class space    used 690K, committed 832K, reserved 1048576K
}

