# JRE version: Java(TM) SE Runtime Environment (19.0.2+7) (build 19.0.2+7-44)
# Java VM: Java HotSpot(TM) 64-Bit Server VM (19.0.2+7-44, mixed mode, sharing, tiered, compressed oops, compressed class ptrs, g1 gc, windows-amd64)
GC Precious Log:
 CardTable entry size: 512
 Card Set container configuration: InlinePtr #cards 5 size 8 Array Of Cards #cards 12 size 40 Howl #buckets 4 coarsen threshold 1843 Howl Bitmap #cards 512 size 80 coarsen threshold 460 Card regions per heap region 1 cards per card region 2048
 CPUs: 12 total, 12 available
 Memory: 8017M
 Large Page Support: Disabled
 NUMA Support: Disabled
 Compressed Oops: Enabled (32-bit)
 Heap Region Size: 1M
 Heap Min Capacity: 8M
 Heap Initial Capacity: 126M
 Heap Max Capacity: 2006M
 Pre-touch: Disabled
 Parallel Workers: 10
 Concurrent Workers: 3
 Concurrent Refinement Workers: 10
 Periodic GC: Disabled
Heap:
 garbage-first heap   total 156672K, used 87775K [0x0000000082a00000, 0x0000000100000000)
  region size 1024K, 3 young (3072K), 1 survivors (1024K)
 Metaspace       used 7498K, committed 7744K, reserved 1114112K
  class space    used 776K, committed 896K, reserved 1048576K
GC Heap History (8 events):
Event: 0.797 GC heap before
{Heap before GC invocations=0 (full 0):
 garbage-first heap   total 129024K, used 33792K [0x0000000082a00000, 0x0000000100000000)
  region size 1024K, 23 young (23552K), 0 survivors (0K)
 Metaspace       used 5329K, committed 5568K, reserved 1114112K
  class space    used 542K, committed 640K, reserved 1048576K
}
Event: 0.802 GC heap after
{Heap after GC invocations=1 (full 0):
 garbage-first heap   total 129024K, used 16120K [0x0000000082a00000, 0x0000000100000000)
  region size 1024K, 3 young (3072K), 3 survivors (3072K)
 Metaspace       used 5329K, committed 5568K, reserved 1114112K
  class space    used 542K, committed 640K, reserved 1048576K
}
Event: 23236.216 GC heap before
{Heap before GC invocations=1 (full 0):
 garbage-first heap   total 129024K, used 79608K [0x0000000082a00000, 0x0000000100000000)
  region size 1024K, 32 young (32768K), 3 survivors (3072K)
 Metaspace       used 7544K, committed 7744K, reserved 1114112K
  class space    used 790K, committed 896K, reserved 1048576K
}
Event: 23236.699 GC heap after
{Heap after GC invocations=2 (full 0):
 garbage-first heap   total 129024K, used 53081K [0x0000000082a00000, 0x0000000100000000)
  region size 1024K, 3 young (3072K), 3 survivors (3072K)
 Metaspace       used 7544K, committed 7744K, reserved 1114112K
  class space    used 790K, committed 896K, reserved 1048576K
}
Event: 23243.009 GC heap before
{Heap before GC invocations=2 (full 0):
 garbage-first heap   total 129024K, used 54105K [0x0000000082a00000, 0x0000000100000000)
  region size 1024K, 5 young (5120K), 3 survivors (3072K)
 Metaspace       used 7548K, committed 7744K, reserved 1114112K
  class space    used 790K, committed 896K, reserved 1048576K
}
Event: 23243.028 GC heap after
{Heap after GC invocations=3 (full 0):
 garbage-first heap   total 129024K, used 53256K [0x0000000082a00000, 0x0000000100000000)
  region size 1024K, 1 young (1024K), 1 survivors (1024K)
 Metaspace       used 7548K, committed 7744K, reserved 1114112K
  class space    used 790K, committed 896K, reserved 1048576K
}
Event: 23251.332 GC heap before
{Heap before GC invocations=3 (full 0):
 garbage-first heap   total 129024K, used 87048K [0x0000000082a00000, 0x0000000100000000)
  region size 1024K, 3 young (3072K), 1 survivors (1024K)
 Metaspace       used 7552K, committed 7744K, reserved 1114112K
  class space    used 790K, committed 896K, reserved 1048576K
}
Event: 23251.457 GC heap after
{Heap after GC invocations=4 (full 0):
 garbage-first heap   total 129024K, used 85809K [0x0000000082a00000, 0x0000000100000000)
  region size 1024K, 1 young (1024K), 1 survivors (1024K)
 Metaspace       used 7552K, committed 7744K, reserved 1114112K
  class space    used 790K, committed 896K, reserved 1048576K
}

